\BOOKMARK [1][-]{section*.5}{Abstract}{}% 1
\BOOKMARK [1][-]{section*.6}{Acknowledgement}{}% 2
\BOOKMARK [1][-]{section*.7}{Table of Contents}{}% 3
\BOOKMARK [1][-]{section*.8}{List of Figures}{}% 4
\BOOKMARK [1][-]{section*.9}{List of Tables}{}% 5
\BOOKMARK [1][-]{section.1}{SYNOPSIS}{}% 6
\BOOKMARK [2][-]{subsection.1.1}{Project Title}{section.1}% 7
\BOOKMARK [2][-]{subsection.1.2}{Project Option }{section.1}% 8
\BOOKMARK [2][-]{subsection.1.3}{Internal Guide}{section.1}% 9
\BOOKMARK [2][-]{subsection.1.4}{Sponsorship and External Guide}{section.1}% 10
\BOOKMARK [2][-]{subsection.1.5}{Problem Statement}{section.1}% 11
\BOOKMARK [2][-]{subsection.1.6}{Abstract}{section.1}% 12
\BOOKMARK [2][-]{subsection.1.7}{Goals and Objectives}{section.1}% 13
\BOOKMARK [2][-]{subsection.1.8}{Relevant mathematics associated with the Project}{section.1}% 14
\BOOKMARK [2][-]{subsection.1.9}{Names of Conferences / Journals where papers can be published}{section.1}% 15
\BOOKMARK [2][-]{subsection.1.10}{Review of Journal Papers supporting Project idea}{section.1}% 16
\BOOKMARK [2][-]{subsection.1.11}{Plan of Project Execution}{section.1}% 17
\BOOKMARK [1][-]{section.2}{TECHNICAL KEYWORDS}{}% 18
\BOOKMARK [2][-]{subsection.2.1}{AREA OF PROJECT}{section.2}% 19
\BOOKMARK [2][-]{subsection.2.2}{TECHNICAL KEYWORDS}{section.2}% 20
\BOOKMARK [1][-]{section.3}{INTRODUCTION}{}% 21
\BOOKMARK [2][-]{subsection.3.1}{PROJECT IDEA}{section.3}% 22
\BOOKMARK [2][-]{subsection.3.2}{MOTIVATION OF THE PROJECT}{section.3}% 23
\BOOKMARK [2][-]{subsection.3.3}{LITERATURE SURVEY}{section.3}% 24
\BOOKMARK [1][-]{section.4}{PROBLEM DEFINITION AND SCOPE}{}% 25
\BOOKMARK [2][-]{subsection.4.1}{PROBLEM STATEMENT}{section.4}% 26
\BOOKMARK [3][-]{subsubsection.4.1.1}{Goals and Objectives}{subsection.4.1}% 27
\BOOKMARK [3][-]{subsubsection.4.1.2}{Scope of Project}{subsection.4.1}% 28
\BOOKMARK [2][-]{subsection.4.2}{SOFTWARE CONTEXT}{section.4}% 29
\BOOKMARK [2][-]{subsection.4.3}{MAJOR CONSTRAINTS}{section.4}% 30
\BOOKMARK [2][-]{subsection.4.4}{OUTCOME}{section.4}% 31
\BOOKMARK [2][-]{subsection.4.5}{HARDWARE RESOURCES REQUIRED}{section.4}% 32
\BOOKMARK [2][-]{subsection.4.6}{SOFTWARE RESOURCES REQUIRED}{section.4}% 33
\BOOKMARK [1][-]{section.5}{PROJECT PLAN}{}% 34
\BOOKMARK [2][-]{subsection.5.1}{PROJECT ESTIMATES}{section.5}% 35
\BOOKMARK [3][-]{subsubsection.5.1.1}{Reconciled Estimates}{subsection.5.1}% 36
\BOOKMARK [3][-]{subsubsection.5.1.2}{Project Resources}{subsection.5.1}% 37
\BOOKMARK [2][-]{subsection.5.2}{RISK MANAGEMENT w.r.t. NP HARD ANALYSIS}{section.5}% 38
\BOOKMARK [3][-]{subsubsection.5.2.1}{Risk Identification}{subsection.5.2}% 39
\BOOKMARK [3][-]{subsubsection.5.2.2}{Risk Analysis}{subsection.5.2}% 40
\BOOKMARK [3][-]{subsubsection.5.2.3}{Overview of Risk Mitigation, Monitoring, Management}{subsection.5.2}% 41
\BOOKMARK [2][-]{subsection.5.3}{PROJECT SCHEDULE}{section.5}% 42
\BOOKMARK [3][-]{subsubsection.5.3.1}{Project task set}{subsection.5.3}% 43
\BOOKMARK [3][-]{subsubsection.5.3.2}{Task network}{subsection.5.3}% 44
\BOOKMARK [3][-]{subsubsection.5.3.3}{Timeline Chart}{subsection.5.3}% 45
\BOOKMARK [2][-]{subsection.5.4}{TEAM ORGANIZATION}{section.5}% 46
\BOOKMARK [3][-]{subsubsection.5.4.1}{Team structure}{subsection.5.4}% 47
\BOOKMARK [3][-]{subsubsection.5.4.2}{Management reporting and communication}{subsection.5.4}% 48
\BOOKMARK [1][-]{section.6}{SOFTWARE REQUIREMENT SPECIFICATION }{}% 49
\BOOKMARK [2][-]{subsection.6.1}{INTRODUCTION}{section.6}% 50
\BOOKMARK [3][-]{subsubsection.6.1.1}{Purpose and Scope of Document}{subsection.6.1}% 51
\BOOKMARK [3][-]{subsubsection.6.1.2}{Overview of responsibilities of Developer}{subsection.6.1}% 52
\BOOKMARK [2][-]{subsection.6.2}{USAGE SCENARIO}{section.6}% 53
\BOOKMARK [3][-]{subsubsection.6.2.1}{User profiles}{subsection.6.2}% 54
\BOOKMARK [3][-]{subsubsection.6.2.2}{Use Case View}{subsection.6.2}% 55
\BOOKMARK [2][-]{subsection.6.3}{FUNCTIONAL MODEL AND DESCRIPTION}{section.6}% 56
\BOOKMARK [3][-]{subsubsection.6.3.1}{Data Flow Diagram}{subsection.6.3}% 57
\BOOKMARK [3][-]{subsubsection.6.3.2}{Description of functions}{subsection.6.3}% 58
\BOOKMARK [3][-]{subsubsection.6.3.3}{Sequence Diagram}{subsection.6.3}% 59
\BOOKMARK [3][-]{subsubsection.6.3.4}{Non Functional Requirements:}{subsection.6.3}% 60
\BOOKMARK [3][-]{subsubsection.6.3.5}{Design Constraints}{subsection.6.3}% 61
\BOOKMARK [3][-]{subsubsection.6.3.6}{Software Interface Description}{subsection.6.3}% 62
\BOOKMARK [1][-]{section.7}{DETAILED DESIGN DOCUMENT }{}% 63
\BOOKMARK [2][-]{subsection.7.1}{INTRODUCTION}{section.7}% 64
\BOOKMARK [2][-]{subsection.7.2}{ARCHITECTURAL DESIGN}{section.7}% 65
\BOOKMARK [2][-]{subsection.7.3}{DATA DESIGN}{section.7}% 66
\BOOKMARK [3][-]{subsubsection.7.3.1}{Temporary data structure}{subsection.7.3}% 67
\BOOKMARK [3][-]{subsubsection.7.3.2}{Database description}{subsection.7.3}% 68
\BOOKMARK [1][-]{section.8}{PROJECT IMPLEMENTATION}{}% 69
\BOOKMARK [2][-]{subsection.8.1}{INTRODUCTION}{section.8}% 70
\BOOKMARK [2][-]{subsection.8.2}{TOOLS AND TECHNOLOGIES USED}{section.8}% 71
\BOOKMARK [2][-]{subsection.8.3}{VERIFICATION AND VALIDATION FOR ACCEPTANCE}{section.8}% 72
\BOOKMARK [1][-]{section.9}{SOFTWARE TESTING}{}% 73
\BOOKMARK [2][-]{subsection.9.1}{TYPE OF TESTING USED}{section.9}% 74
\BOOKMARK [2][-]{subsection.9.2}{TEST CASES AND TEST RESULTS}{section.9}% 75
\BOOKMARK [1][-]{section.10}{RESULTS}{}% 76
\BOOKMARK [2][-]{subsection.10.1}{SCREEN SHOTS}{section.10}% 77
\BOOKMARK [2][-]{subsection.10.2}{OUTPUTS}{section.10}% 78
\BOOKMARK [1][-]{section.11}{DEPLOYMENT AND MAINTENANCE}{}% 79
\BOOKMARK [2][-]{subsection.11.1}{INSTALLATION AND UN-INSTALLATION}{section.11}% 80
\BOOKMARK [2][-]{subsection.11.2}{USER HELP}{section.11}% 81
\BOOKMARK [1][-]{section.12}{SUMMARY AND CONCLUSION}{}% 82
\BOOKMARK [1][-]{Annexure.1.A}{Annexure REFERENCES }{}% 83
\BOOKMARK [1][-]{Annexure.1.B}{Annexure Laboratory assignments on Project Analysis of Algorithmic Design}{}% 84
\BOOKMARK [1][-]{Annexure.1.C}{Annexure Laboratory assignments on Quality and Reliability Testing of Project Design}{}% 85
\BOOKMARK [1][-]{Annexure.1.D}{Annexure Project Planner}{}% 86
\BOOKMARK [1][-]{Annexure.1.E}{Annexure Reviewers Comments of Paper submitted}{}% 87
\BOOKMARK [1][-]{Annexure.1.F}{Annexure Plagiarism Report}{}% 88
