This is pdfTeX, Version 3.14159265-2.6-1.40.16 (TeX Live 2015/Debian) (preloaded format=pdflatex 2018.4.26)  27 APR 2018 00:52
entering extended mode
 restricted \write18 enabled.
 %&-line parsing enabled.
**"Project Report.tex"
(./Project Report.tex
LaTeX2e <2016/02/01>
Babel <3.9q> and hyphenation patterns for 81 language(s) loaded.
(/usr/share/texlive/texmf-dist/tex/latex/base/article.cls
Document Class: article 2014/09/29 v1.4h Standard LaTeX document class
(/usr/share/texlive/texmf-dist/tex/latex/base/size12.clo
File: size12.clo 2014/09/29 v1.4h Standard LaTeX file (size option)
)
\c@part=\count79
\c@section=\count80
\c@subsection=\count81
\c@subsubsection=\count82
\c@paragraph=\count83
\c@subparagraph=\count84
\c@figure=\count85
\c@table=\count86
\abovecaptionskip=\skip41
\belowcaptionskip=\skip42
\bibindent=\dimen102
)
(/usr/share/texlive/texmf-dist/tex/latex/hyperref/hyperref.sty
Package: hyperref 2012/11/06 v6.83m Hypertext links for LaTeX

(/usr/share/texlive/texmf-dist/tex/generic/oberdiek/hobsub-hyperref.sty
Package: hobsub-hyperref 2012/05/28 v1.13 Bundle oberdiek, subset hyperref (HO)


(/usr/share/texlive/texmf-dist/tex/generic/oberdiek/hobsub-generic.sty
Package: hobsub-generic 2012/05/28 v1.13 Bundle oberdiek, subset generic (HO)
Package: hobsub 2012/05/28 v1.13 Construct package bundles (HO)
Package: infwarerr 2010/04/08 v1.3 Providing info/warning/error messages (HO)
Package: ltxcmds 2011/11/09 v1.22 LaTeX kernel commands for general use (HO)
Package: ifluatex 2010/03/01 v1.3 Provides the ifluatex switch (HO)
Package ifluatex Info: LuaTeX not detected.
Package: ifvtex 2010/03/01 v1.5 Detect VTeX and its facilities (HO)
Package ifvtex Info: VTeX not detected.
Package: intcalc 2007/09/27 v1.1 Expandable calculations with integers (HO)
Package: ifpdf 2011/01/30 v2.3 Provides the ifpdf switch (HO)
Package ifpdf Info: pdfTeX in PDF mode is detected.
Package: etexcmds 2011/02/16 v1.5 Avoid name clashes with e-TeX commands (HO)
Package etexcmds Info: Could not find \expanded.
(etexcmds)             That can mean that you are not using pdfTeX 1.50 or
(etexcmds)             that some package has redefined \expanded.
(etexcmds)             In the latter case, load this package earlier.
Package: kvsetkeys 2012/04/25 v1.16 Key value parser (HO)
Package: kvdefinekeys 2011/04/07 v1.3 Define keys (HO)
Package: pdftexcmds 2011/11/29 v0.20 Utility functions of pdfTeX for LuaTeX (HO
)
Package pdftexcmds Info: LuaTeX not detected.
Package pdftexcmds Info: \pdf@primitive is available.
Package pdftexcmds Info: \pdf@ifprimitive is available.
Package pdftexcmds Info: \pdfdraftmode found.
Package: pdfescape 2011/11/25 v1.13 Implements pdfTeX's escape features (HO)
Package: bigintcalc 2012/04/08 v1.3 Expandable calculations on big integers (HO
)
Package: bitset 2011/01/30 v1.1 Handle bit-vector datatype (HO)
Package: uniquecounter 2011/01/30 v1.2 Provide unlimited unique counter (HO)
)
Package hobsub Info: Skipping package `hobsub' (already loaded).
Package: letltxmacro 2010/09/02 v1.4 Let assignment for LaTeX macros (HO)
Package: hopatch 2012/05/28 v1.2 Wrapper for package hooks (HO)
Package: xcolor-patch 2011/01/30 xcolor patch
Package: atveryend 2011/06/30 v1.8 Hooks at the very end of document (HO)
Package atveryend Info: \enddocument detected (standard20110627).
Package: atbegshi 2011/10/05 v1.16 At begin shipout hook (HO)
Package: refcount 2011/10/16 v3.4 Data extraction from label references (HO)
Package: hycolor 2011/01/30 v1.7 Color options for hyperref/bookmark (HO)
)
(/usr/share/texlive/texmf-dist/tex/latex/graphics/keyval.sty
Package: keyval 2014/10/28 v1.15 key=value parser (DPC)
\KV@toks@=\toks14
)
(/usr/share/texlive/texmf-dist/tex/generic/ifxetex/ifxetex.sty
Package: ifxetex 2010/09/12 v0.6 Provides ifxetex conditional
)
(/usr/share/texlive/texmf-dist/tex/latex/oberdiek/auxhook.sty
Package: auxhook 2011/03/04 v1.3 Hooks for auxiliary files (HO)
)
(/usr/share/texlive/texmf-dist/tex/latex/oberdiek/kvoptions.sty
Package: kvoptions 2011/06/30 v3.11 Key value format for package options (HO)
)
\@linkdim=\dimen103
\Hy@linkcounter=\count87
\Hy@pagecounter=\count88

(/usr/share/texlive/texmf-dist/tex/latex/hyperref/pd1enc.def
File: pd1enc.def 2012/11/06 v6.83m Hyperref: PDFDocEncoding definition (HO)
)
\Hy@SavedSpaceFactor=\count89

(/usr/share/texlive/texmf-dist/tex/latex/latexconfig/hyperref.cfg
File: hyperref.cfg 2002/06/06 v1.2 hyperref configuration of TeXLive
)
Package hyperref Info: Hyper figures OFF on input line 4443.
Package hyperref Info: Link nesting OFF on input line 4448.
Package hyperref Info: Hyper index ON on input line 4451.
Package hyperref Info: Plain pages OFF on input line 4458.
Package hyperref Info: Backreferencing OFF on input line 4463.
Package hyperref Info: Implicit mode ON; LaTeX internals redefined.
Package hyperref Info: Bookmarks ON on input line 4688.
\c@Hy@tempcnt=\count90

(/usr/share/texlive/texmf-dist/tex/latex/url/url.sty
\Urlmuskip=\muskip10
Package: url 2013/09/16  ver 3.4  Verb mode for urls, etc.
)
LaTeX Info: Redefining \url on input line 5041.
\XeTeXLinkMargin=\dimen104
\Fld@menulength=\count91
\Field@Width=\dimen105
\Fld@charsize=\dimen106
Package hyperref Info: Hyper figures OFF on input line 6295.
Package hyperref Info: Link nesting OFF on input line 6300.
Package hyperref Info: Hyper index ON on input line 6303.
Package hyperref Info: backreferencing OFF on input line 6310.
Package hyperref Info: Link coloring OFF on input line 6315.
Package hyperref Info: Link coloring with OCG OFF on input line 6320.
Package hyperref Info: PDF/A mode OFF on input line 6325.
LaTeX Info: Redefining \ref on input line 6365.
LaTeX Info: Redefining \pageref on input line 6369.
\Hy@abspage=\count92
\c@Item=\count93
\c@Hfootnote=\count94
)

Package hyperref Message: Driver (autodetected): hpdftex.

(/usr/share/texlive/texmf-dist/tex/latex/hyperref/hpdftex.def
File: hpdftex.def 2012/11/06 v6.83m Hyperref driver for pdfTeX
\Fld@listcount=\count95
\c@bookmark@seq@number=\count96

(/usr/share/texlive/texmf-dist/tex/latex/oberdiek/rerunfilecheck.sty
Package: rerunfilecheck 2011/04/15 v1.7 Rerun checks for auxiliary files (HO)
Package uniquecounter Info: New unique counter `rerunfilecheck' on input line 2
82.
)
\Hy@SectionHShift=\skip43
)
(/usr/share/texlive/texmf-dist/tex/latex/fancyhdr/fancyhdr.sty
\fancy@headwidth=\skip44
\f@ncyO@elh=\skip45
\f@ncyO@erh=\skip46
\f@ncyO@olh=\skip47
\f@ncyO@orh=\skip48
\f@ncyO@elf=\skip49
\f@ncyO@erf=\skip50
\f@ncyO@olf=\skip51
\f@ncyO@orf=\skip52
)
(/usr/share/texlive/texmf-dist/tex/latex/fancybox/fancybox.sty
Package: fancybox 2010/05/15 1.4

Style option: `fancybox' v1.4 <2010/05/15> (tvz)
\@fancybox=\box26
\shadowsize=\dimen107
\@Sbox=\box27
\do@VerbBox=\toks15
\the@fancyput=\toks16
\this@fancyput=\toks17
\EndVerbatimTokens=\toks18
\Verbatim@Outfile=\write3
\Verbatim@Infile=\read1
) (/usr/share/texlive/texmf-dist/tex/latex/psnfss/times.sty
Package: times 2005/04/12 PSNFSS-v9.2a (SPQR) 
)
(/usr/share/texlive/texmf-dist/tex/latex/cite/cite.sty
LaTeX Info: Redefining \cite on input line 302.
LaTeX Info: Redefining \nocite on input line 332.
Package: cite 2015/02/27  v 5.5
)
(/usr/share/texlive/texmf-dist/tex/latex/graphics/graphicx.sty
Package: graphicx 2014/10/28 v1.0g Enhanced LaTeX Graphics (DPC,SPQR)

(/usr/share/texlive/texmf-dist/tex/latex/graphics/graphics.sty
Package: graphics 2016/01/03 v1.0q Standard LaTeX Graphics (DPC,SPQR)

(/usr/share/texlive/texmf-dist/tex/latex/graphics/trig.sty
Package: trig 2016/01/03 v1.10 sin cos tan (DPC)
)
(/usr/share/texlive/texmf-dist/tex/latex/latexconfig/graphics.cfg
File: graphics.cfg 2010/04/23 v1.9 graphics configuration of TeX Live
)
Package graphics Info: Driver file: pdftex.def on input line 95.

(/usr/share/texlive/texmf-dist/tex/latex/pdftex-def/pdftex.def
File: pdftex.def 2011/05/27 v0.06d Graphics/color for pdfTeX
\Gread@gobject=\count97
))
\Gin@req@height=\dimen108
\Gin@req@width=\dimen109
)
(/usr/share/texlive/texmf-dist/tex/latex/geometry/geometry.sty
Package: geometry 2010/09/12 v5.6 Page Geometry
\Gm@cnth=\count98
\Gm@cntv=\count99
\c@Gm@tempcnt=\count100
\Gm@bindingoffset=\dimen110
\Gm@wd@mp=\dimen111
\Gm@odd@mp=\dimen112
\Gm@even@mp=\dimen113
\Gm@layoutwidth=\dimen114
\Gm@layoutheight=\dimen115
\Gm@layouthoffset=\dimen116
\Gm@layoutvoffset=\dimen117
\Gm@dimlist=\toks19
)
(/usr/share/texlive/texmf-dist/tex/latex/amsfonts/amsfonts.sty
Package: amsfonts 2013/01/14 v3.01 Basic AMSFonts support
\@emptytoks=\toks20
\symAMSa=\mathgroup4
\symAMSb=\mathgroup5
LaTeX Font Info:    Overwriting math alphabet `\mathfrak' in version `bold'
(Font)                  U/euf/m/n --> U/euf/b/n on input line 106.
)
(/usr/share/texlive/texmf-dist/tex/latex/graphics/epsfig.sty
Package: epsfig 1999/02/16 v1.7a (e)psfig emulation (SPQR)
\epsfxsize=\dimen118
\epsfysize=\dimen119
)
(/usr/share/texlive/texmf-dist/tex/latex/subfigure/subfigure.sty
Package: subfigure 2002/03/15 v2.1.5 subfigure package
\subfigtopskip=\skip53
\subfigcapskip=\skip54
\subfigcaptopadj=\dimen120
\subfigbottomskip=\skip55
\subfigcapmargin=\dimen121
\subfiglabelskip=\skip56
\c@subfigure=\count101
\c@lofdepth=\count102
\c@subtable=\count103
\c@lotdepth=\count104

****************************************
* Local config file subfigure.cfg used *
****************************************
(/usr/share/texlive/texmf-dist/tex/latex/subfigure/subfigure.cfg)
\subfig@top=\skip57
\subfig@bottom=\skip58
)
(/usr/share/texlive/texmf-dist/tex/latex/amsfonts/amssymb.sty
Package: amssymb 2013/01/14 v3.01 AMS font symbols
)
(/usr/share/texlive/texmf-dist/tex/latex/setspace/setspace.sty
Package: setspace 2011/12/19 v6.7a set line spacing
)
(/usr/share/texlive/texmf-dist/tex/latex/pdfpages/pdfpages.sty
Package: pdfpages 2015/09/18 v0.5d Insert pages of external PDF documents (AM)

(/usr/share/texlive/texmf-dist/tex/latex/base/ifthen.sty
Package: ifthen 2014/09/29 v1.1c Standard LaTeX ifthen package (DPC)
)
(/usr/share/texlive/texmf-dist/tex/latex/tools/calc.sty
Package: calc 2014/10/28 v4.3 Infix arithmetic (KKT,FJ)
\calc@Acount=\count105
\calc@Bcount=\count106
\calc@Adimen=\dimen122
\calc@Bdimen=\dimen123
\calc@Askip=\skip59
\calc@Bskip=\skip60
LaTeX Info: Redefining \setlength on input line 80.
LaTeX Info: Redefining \addtolength on input line 81.
\calc@Ccount=\count107
\calc@Cskip=\skip61
)
(/usr/share/texlive/texmf-dist/tex/latex/eso-pic/eso-pic.sty
Package: eso-pic 2015/07/21 v2.0g eso-pic (RN)

(/usr/share/texlive/texmf-dist/tex/latex/xcolor/xcolor.sty
Package: xcolor 2007/01/21 v2.11 LaTeX color extensions (UK)

(/usr/share/texlive/texmf-dist/tex/latex/latexconfig/color.cfg
File: color.cfg 2007/01/18 v1.5 color configuration of teTeX/TeXLive
)
Package xcolor Info: Driver file: pdftex.def on input line 225.
Package xcolor Info: Model `cmy' substituted by `cmy0' on input line 1337.
Package xcolor Info: Model `hsb' substituted by `rgb' on input line 1341.
Package xcolor Info: Model `RGB' extended on input line 1353.
Package xcolor Info: Model `HTML' substituted by `rgb' on input line 1355.
Package xcolor Info: Model `Hsb' substituted by `hsb' on input line 1356.
Package xcolor Info: Model `tHsb' substituted by `hsb' on input line 1357.
Package xcolor Info: Model `HSB' substituted by `hsb' on input line 1358.
Package xcolor Info: Model `Gray' substituted by `gray' on input line 1359.
Package xcolor Info: Model `wave' substituted by `hsb' on input line 1360.
))
\AM@pagewidth=\dimen124
\AM@pageheight=\dimen125

(/usr/share/texlive/texmf-dist/tex/latex/pdfpages/pppdftex.def
File: pppdftex.def 2015/09/18 v0.5d Pdfpages driver for pdfTeX (AM)
)
\AM@pagebox=\box28
\AM@toc@title=\toks21
\c@AM@survey=\count108
\AM@templatesizebox=\box29
)
(/usr/share/texlive/texmf-dist/tex/latex/caption/caption.sty
Package: caption 2016/02/21 v3.3-144 Customizing captions (AR)

(/usr/share/texlive/texmf-dist/tex/latex/caption/caption3.sty
Package: caption3 2016/02/04 v1.7-139 caption3 kernel (AR)
Package caption3 Info: TeX engine: e-TeX on input line 67.
\captionmargin=\dimen126
\captionmargin@=\dimen127
\captionwidth=\dimen128
\caption@tempdima=\dimen129
\caption@indent=\dimen130
\caption@parindent=\dimen131
\caption@hangindent=\dimen132
)
\c@ContinuedFloat=\count109
Package caption Info: hyperref package is loaded.
Package caption Info: subfigure package is loaded.
)
(/usr/share/texlive/texmf-dist/tex/latex/chngcntr/chngcntr.sty
Package: chngcntr 2009/09/02 v1.0a change counter resetting
)
(/usr/share/texlive/texmf-dist/tex/latex/appendix/appendix.sty
Package: appendix 2009/09/02 v1.2b extra appendix facilities
\c@@pps=\count110
\c@@ppsavesec=\count111
\c@@ppsaveapp=\count112
)
(/usr/share/texlive/texmf-dist/tex/latex/amsmath/amsmath.sty
Package: amsmath 2016/03/03 v2.15a AMS math features
\@mathmargin=\skip62

For additional information on amsmath, use the `?' option.
(/usr/share/texlive/texmf-dist/tex/latex/amsmath/amstext.sty
Package: amstext 2000/06/29 v2.01 AMS text

(/usr/share/texlive/texmf-dist/tex/latex/amsmath/amsgen.sty
File: amsgen.sty 1999/11/30 v2.0 generic functions
\@emptytoks=\toks22
\ex@=\dimen133
))
(/usr/share/texlive/texmf-dist/tex/latex/amsmath/amsbsy.sty
Package: amsbsy 1999/11/29 v1.2d Bold Symbols
\pmbraise@=\dimen134
)
(/usr/share/texlive/texmf-dist/tex/latex/amsmath/amsopn.sty
Package: amsopn 1999/12/14 v2.01 operator names
)
\inf@bad=\count113
LaTeX Info: Redefining \frac on input line 199.
\uproot@=\count114
\leftroot@=\count115
LaTeX Info: Redefining \overline on input line 297.
\classnum@=\count116
\DOTSCASE@=\count117
LaTeX Info: Redefining \ldots on input line 394.
LaTeX Info: Redefining \dots on input line 397.
LaTeX Info: Redefining \cdots on input line 518.
\Mathstrutbox@=\box30
\strutbox@=\box31
\big@size=\dimen135
LaTeX Font Info:    Redeclaring font encoding OML on input line 630.
LaTeX Font Info:    Redeclaring font encoding OMS on input line 631.
\macc@depth=\count118
\c@MaxMatrixCols=\count119
\dotsspace@=\muskip11
\c@parentequation=\count120
\dspbrk@lvl=\count121
\tag@help=\toks23
\row@=\count122
\column@=\count123
\maxfields@=\count124
\andhelp@=\toks24
\eqnshift@=\dimen136
\alignsep@=\dimen137
\tagshift@=\dimen138
\tagwidth@=\dimen139
\totwidth@=\dimen140
\lineht@=\dimen141
\@envbody=\toks25
\multlinegap=\skip63
\multlinetaggap=\skip64
\mathdisplay@stack=\toks26
LaTeX Info: Redefining \[ on input line 2735.
LaTeX Info: Redefining \] on input line 2736.
)
(./Project Report.aux

LaTeX Warning: Label `tab1' multiply defined.


LaTeX Warning: Label `tab1' multiply defined.


LaTeX Warning: Label `tab1' multiply defined.


LaTeX Warning: Label `tab1' multiply defined.


LaTeX Warning: Label `tab1' multiply defined.


LaTeX Warning: Label `tab1' multiply defined.

)
\openout1 = `"Project Report.aux"'.

LaTeX Font Info:    Checking defaults for OML/cmm/m/it on input line 34.
LaTeX Font Info:    ... okay on input line 34.
LaTeX Font Info:    Checking defaults for T1/cmr/m/n on input line 34.
LaTeX Font Info:    ... okay on input line 34.
LaTeX Font Info:    Checking defaults for OT1/cmr/m/n on input line 34.
LaTeX Font Info:    ... okay on input line 34.
LaTeX Font Info:    Checking defaults for OMS/cmsy/m/n on input line 34.
LaTeX Font Info:    ... okay on input line 34.
LaTeX Font Info:    Checking defaults for OMX/cmex/m/n on input line 34.
LaTeX Font Info:    ... okay on input line 34.
LaTeX Font Info:    Checking defaults for U/cmr/m/n on input line 34.
LaTeX Font Info:    ... okay on input line 34.
LaTeX Font Info:    Checking defaults for PD1/pdf/m/n on input line 34.
LaTeX Font Info:    ... okay on input line 34.
LaTeX Font Info:    Try loading font information for OT1+ptm on input line 34.
 (/usr/share/texlive/texmf-dist/tex/latex/psnfss/ot1ptm.fd
File: ot1ptm.fd 2001/06/04 font definitions for OT1/ptm.
)
\AtBeginShipoutBox=\box32
Package hyperref Info: Link coloring OFF on input line 34.

(/usr/share/texlive/texmf-dist/tex/latex/hyperref/nameref.sty
Package: nameref 2012/10/27 v2.43 Cross-referencing by name of section

(/usr/share/texlive/texmf-dist/tex/generic/oberdiek/gettitlestring.sty
Package: gettitlestring 2010/12/03 v1.4 Cleanup title references (HO)
)
\c@section@level=\count125
)
LaTeX Info: Redefining \ref on input line 34.
LaTeX Info: Redefining \pageref on input line 34.
LaTeX Info: Redefining \nameref on input line 34.

(./Project Report.out) (./Project Report.out)
\@outlinefile=\write4
\openout4 = `"Project Report.out"'.


(/usr/share/texlive/texmf-dist/tex/context/base/supp-pdf.mkii
[Loading MPS to PDF converter (version 2006.09.02).]
\scratchcounter=\count126
\scratchdimen=\dimen142
\scratchbox=\box33
\nofMPsegments=\count127
\nofMParguments=\count128
\everyMPshowfont=\toks27
\MPscratchCnt=\count129
\MPscratchDim=\dimen143
\MPnumerator=\count130
\makeMPintoPDFobject=\count131
\everyMPtoPDFconversion=\toks28
) (/usr/share/texlive/texmf-dist/tex/latex/oberdiek/epstopdf-base.sty
Package: epstopdf-base 2010/02/09 v2.5 Base part for package epstopdf

(/usr/share/texlive/texmf-dist/tex/latex/oberdiek/grfext.sty
Package: grfext 2010/08/19 v1.1 Manage graphics extensions (HO)
)
Package grfext Info: Graphics extension search list:
(grfext)             [.png,.pdf,.jpg,.mps,.jpeg,.jbig2,.jb2,.PNG,.PDF,.JPG,.JPE
G,.JBIG2,.JB2,.eps]
(grfext)             \AppendGraphicsExtensions on input line 452.

(/usr/share/texlive/texmf-dist/tex/latex/latexconfig/epstopdf-sys.cfg
File: epstopdf-sys.cfg 2010/07/13 v1.3 Configuration of (r)epstopdf for TeX Liv
e
))
*geometry* driver: auto-detecting
*geometry* detected driver: pdftex
*geometry* verbose mode - [ preamble ] result:
* driver: pdftex
* paper: a4paper
* layout: <same size as paper>
* layoutoffset:(h,v)=(0.0pt,0.0pt)
* modes: 
* h-part:(L,W,R)=(72.26999pt, 474.64911pt, 50.58878pt)
* v-part:(T,H,B)=(72.26999pt, 700.50687pt, 72.26999pt)
* \paperwidth=597.50787pt
* \paperheight=845.04684pt
* \textwidth=474.64911pt
* \textheight=700.50687pt
* \oddsidemargin=0.0pt
* \evensidemargin=0.0pt
* \topmargin=-37.0pt
* \headheight=12.0pt
* \headsep=25.0pt
* \topskip=12.0pt
* \footskip=30.0pt
* \marginparwidth=35.0pt
* \marginparsep=10.0pt
* \columnsep=10.0pt
* \skip\footins=10.8pt plus 4.0pt minus 2.0pt
* \hoffset=0.0pt
* \voffset=0.0pt
* \mag=1000
* \@twocolumnfalse
* \@twosidefalse
* \@mparswitchfalse
* \@reversemarginfalse
* (1in=72.27pt=25.4mm, 1cm=28.453pt)

(/usr/share/texlive/texmf-dist/tex/latex/oberdiek/pdflscape.sty
Package: pdflscape 2008/08/11 v0.10 Display of landscape pages in PDF (HO)

(/usr/share/texlive/texmf-dist/tex/latex/graphics/lscape.sty
Package: lscape 2000/10/22 v3.01 Landscape Pages (DPC)
)
Package pdflscape Info: Auto-detected driver: pdftex on input line 80.
)
Package caption Info: Begin \AtBeginDocument code.
Package caption Info: End \AtBeginDocument code.

<Sppu.jpg, id=357, 190.46156pt x 138.5175pt>
File: Sppu.jpg Graphic file (type jpg)
 <use Sppu.jpg>
Package pdftex.def Info: Sppu.jpg used on input line 50.
(pdftex.def)             Requested size: 56.90349pt x 56.90456pt.
LaTeX Font Info:    Font shape `OT1/ptm/bx/n' in size <12> not available
(Font)              Font shape `OT1/ptm/b/n' tried instead on input line 54.
LaTeX Font Info:    Font shape `OT1/ptm/bx/n' in size <14.4> not available
(Font)              Font shape `OT1/ptm/b/n' tried instead on input line 65.
LaTeX Font Info:    Font shape `OT1/ptm/bx/n' in size <17.28> not available
(Font)              Font shape `OT1/ptm/b/n' tried instead on input line 65.
LaTeX Font Info:    Try loading font information for U+msa on input line 83.

(/usr/share/texlive/texmf-dist/tex/latex/amsfonts/umsa.fd
File: umsa.fd 2013/01/14 v3.01 AMS symbols A
)
LaTeX Font Info:    Try loading font information for U+msb on input line 83.

(/usr/share/texlive/texmf-dist/tex/latex/amsfonts/umsb.fd
File: umsb.fd 2013/01/14 v3.01 AMS symbols B
)
<logo.JPG, id=358, 173.64874pt x 160.6pt>
File: logo.JPG Graphic file (type jpg)
 <use logo.JPG>
Package pdftex.def Info: logo.JPG used on input line 99.
(pdftex.def)             Requested size: 71.13188pt x 65.7876pt.

Overfull \hbox (484.2087pt too wide) has occurred while \output is active
[]
 []

[1

{/var/lib/texmf/fonts/map/pdftex/updmap/pdftex.map} <./Sppu.jpg> <./logo.JPG>]
File: logo.JPG Graphic file (type jpg)
 <use logo.JPG>
Package pdftex.def Info: logo.JPG used on input line 125.
(pdftex.def)             Requested size: 56.9055pt x 52.62811pt.
LaTeX Font Info:    Font shape `OT1/ptm/bx/n' in size <20.74> not available
(Font)              Font shape `OT1/ptm/b/n' tried instead on input line 135.

Underfull \hbox (badness 10000) in paragraph at lines 182--197

 []


! LaTeX Error: There's no line here to end.

See the LaTeX manual or LaTeX Companion for explanation.
Type  H <return>  for immediate help.
 ...                                              
                                                  
l.198 \newline
              
Your command was ignored.
Type  I <command> <return>  to replace it with another command,
or  <return>  to continue without it.


! LaTeX Error: There's no line here to end.

See the LaTeX manual or LaTeX Companion for explanation.
Type  H <return>  for immediate help.
 ...                                              
                                                  
l.199 \newline
              
Your command was ignored.
Type  I <command> <return>  to replace it with another command,
or  <return>  to continue without it.


! LaTeX Error: There's no line here to end.

See the LaTeX manual or LaTeX Companion for explanation.
Type  H <return>  for immediate help.
 ...                                              
                                                  
l.201 \hspace
             {0.5in}
Your command was ignored.
Type  I <command> <return>  to replace it with another command,
or  <return>  to continue without it.


Overfull \hbox (484.2087pt too wide) has occurred while \output is active
[]
 []

pdfTeX warning (ext4): destination with the same identifier (name{page.}) has b
een already used, duplicate ignored
<to be read again> 
                   \relax 
l.215 		\newpage
                					%start a new page [1]
Underfull \hbox (badness 10000) in paragraph at lines 231--232

 []

pdfTeX warning (ext4): destination with the same identifier (name{page.}) has b
een already used, duplicate ignored
<to be read again> 
                   \relax 
l.245 \newpage
              					%start a new page [2] [1] (./Project Report.toc
Underfull \hbox (badness 10000) has occurred while \output is active
 [][]  
 []


Underfull \hbox (badness 10000) has occurred while \output is active
 [][]  
 []

[2] [3])
\tf@toc=\write5
\openout5 = `"Project Report.toc"'.

 [4] (./Project Report.lof)
\tf@lof=\write6
\openout6 = `"Project Report.lof"'.

 [5] (./Project Report.lot)
\tf@lot=\write7
\openout7 = `"Project Report.lot"'.



Package Fancyhdr Warning: \headheight is too small (12.0pt): 
 Make it at least 14.49998pt.
 We now make it that large for the rest of the document.
 This may cause the page layout to be inconsistent, however.

[6] [1]
Underfull \hbox (badness 10000) in paragraph at lines 427--429

 []

[2]
Underfull \hbox (badness 10000) in paragraph at lines 432--434

 []


Underfull \hbox (badness 10000) in paragraph at lines 432--434

 []


Underfull \hbox (badness 10000) in paragraph at lines 444--446

 []

Runaway argument?
{Let the system be S, 
! Paragraph ended before \text@command was complete.
<to be read again> 
                   \par 
l.456 	\newline S= Success condition	}
                                      
I suspect you've forgotten a `}', causing me to apply this
control sequence to too much text. How can we recover?
My plan is to forget the whole thing and hope for the best.

LaTeX Font Info:    Try loading font information for OMS+ptm on input line 456.

(/usr/share/texlive/texmf-dist/tex/latex/psnfss/omsptm.fd
File: omsptm.fd 
)
LaTeX Font Info:    Font shape `OMS/ptm/m/n' in size <14.4> not available
(Font)              Font shape `OMS/cmsy/m/n' tried instead on input line 456.
LaTeX Font Info:    Font shape `OMS/ptm/m/it' in size <14.4> not available
(Font)              Font shape `OMS/cmsy/m/n' tried instead on input line 456.
 [3] [4]
LaTeX Font Info:    Font shape `OMS/ptm/m/n' in size <12> not available
(Font)              Font shape `OMS/cmsy/m/n' tried instead on input line 463.
LaTeX Font Info:    Font shape `OT1/ptm/bx/n' in size <10.95> not available
(Font)              Font shape `OT1/ptm/b/n' tried instead on input line 471.
Missing character: There is no â in font ptmb7t!
Missing character: There is no € in font ptmb7t!
Missing character: There is no “ in font ptmb7t!

Underfull \hbox (badness 10000) in paragraph at lines 470--516

 []


Underfull \hbox (badness 10000) in paragraph at lines 470--516

 []


Underfull \hbox (badness 10000) in paragraph at lines 470--516

 []


Underfull \hbox (badness 10000) in paragraph at lines 470--516

 []


Underfull \hbox (badness 10000) in paragraph at lines 470--516

 []


Underfull \hbox (badness 10000) in paragraph at lines 470--516

 []


Underfull \hbox (badness 10000) in paragraph at lines 470--516

 []


Underfull \hbox (badness 10000) in paragraph at lines 470--516

 []


Underfull \hbox (badness 10000) in paragraph at lines 470--516

 []

[5] [6]

LaTeX Warning: File `img.PNG' not found on input line 526.


! Package pdftex.def Error: File `img.PNG' not found.

See the pdftex.def package documentation for explanation.
Type  H <return>  for immediate help.
 ...                                              
                                                  
l.526 ...phics[width=15cm , height=10 cm]{img.PNG}
                                                  
Using draft setting for this image.
Try typing  <return>  to proceed.
If that doesn't work, type  X <return>  to quit.

LaTeX Font Info:    Try loading font information for OT1+pcr on input line 526.

(/usr/share/texlive/texmf-dist/tex/latex/psnfss/ot1pcr.fd
File: ot1pcr.fd 2001/06/04 font definitions for OT1/pcr.
) [7] [8]
LaTeX Font Info:    Font shape `OMS/ptm/m/n' in size <10.95> not available
(Font)              Font shape `OMS/cmsy/m/n' tried instead on input line 576.
 [9] [10]

! LaTeX Error: Something's wrong--perhaps a missing \item.

See the LaTeX manual or LaTeX Companion for explanation.
Type  H <return>  for immediate help.
 ...                                              
                                                  
l.634 \end{itemize}
                   
Try typing  <return>  to proceed.
If that doesn't work, type  X <return>  to quit.

[11]
Underfull \hbox (badness 6808) in paragraph at lines 661--661
\OT1/ptm/m/n/12 for en-hanced data
 []


Underfull \hbox (badness 1394) in paragraph at lines 662--662
[]\OT1/ptm/m/n/12 Zashi P. Chaud-
 []


Underfull \hbox (badness 7379) in paragraph at lines 662--662
\OT1/ptm/m/n/12 hari, Satish R.
 []


Underfull \hbox (badness 1314) in paragraph at lines 663--664
\OT1/ptm/m/n/12 vanced tech-nol-ogy and num-ber of
 []


Underfull \hbox (badness 3158) in paragraph at lines 663--664
\OT1/ptm/m/n/12 users the net-work be-comes over-
 []

LaTeX Font Info:    Font shape `OMS/ptm/m/it' in size <12> not available
(Font)              Font shape `OMS/cmsy/m/n' tried instead on input line 667.

Underfull \hbox (badness 10000) in paragraph at lines 667--667
[]\OT1/ptm/m/n/12 Monica Leba,
 []


Underfull \hbox (badness 1394) in paragraph at lines 667--667
\OT1/ptm/m/n/12 Si-mona Ri-urean,
 []


Underfull \hbox (badness 1199) in paragraph at lines 668--675
\OT1/ptm/m/n/12 thee elec-tro-mag-netic spec-trum that
 []


Underfull \hbox (badness 3989) in paragraph at lines 668--675
\OT1/ptm/m/n/12 tion of the net-work traf-fic from
 []


Underfull \hbox (badness 10000) in paragraph at lines 677--678
[]\OT1/ptm/m/n/12 Integrated LiFi
 []


Underfull \hbox (badness 1394) in paragraph at lines 677--678
\OT1/ptm/m/n/12 (Light Fi-delity) for
 []


Underfull \hbox (badness 10000) in paragraph at lines 677--678
\OT1/ptm/m/n/12 smart com-mu-ni-ca-
 []


Underfull \hbox (badness 10000) in paragraph at lines 705--705
[]\OT1/ptm/m/n/12 Prototyping and
 []


Underfull \hbox (badness 5091) in paragraph at lines 715--716
[]\OT1/ptm/m/n/12 Digital data trans-
 []


Underfull \hbox (badness 2134) in paragraph at lines 715--716
\OT1/ptm/m/n/12 mis-sion via vis-i-ble
 []


Underfull \hbox (badness 10000) in paragraph at lines 715--716
\OT1/ptm/m/n/12 light com-mu-ni-ca-
 []


Underfull \hbox (badness 10000) in paragraph at lines 717--717
[]\OT1/ptm/m/n/12 Dahmani Mo-
 []


Underfull \hbox (badness 10000) in paragraph at lines 724--725
[]\OT1/ptm/m/n/12 On vis-i-ble light
 []


Underfull \hbox (badness 10000) in paragraph at lines 724--725
\OT1/ptm/m/n/12 com-mu-ni-ca-tion
 []

[12] [13] [14] [15]
Underfull \hbox (badness 10000) in paragraph at lines 795--796

 []


! LaTeX Error: Something's wrong--perhaps a missing \item.

See the LaTeX manual or LaTeX Companion for explanation.
Type  H <return>  for immediate help.
 ...                                              
                                                  
l.817 \end{itemize}
                   
Try typing  <return>  to proceed.
If that doesn't work, type  X <return>  to quit.

[16]
Underfull \hbox (badness 10000) in paragraph at lines 822--827

 []


Underfull \hbox (badness 10000) in paragraph at lines 829--833

 []

[17] [18]
Missing character: There is no â in font ptmr7t!
Missing character: There is no € in font ptmr7t!
Missing character: There is no “ in font ptmr7t!
Missing character: There is no â in font ptmr7t!
Missing character: There is no € in font ptmr7t!
Missing character: There is no “ in font ptmr7t!
Missing character: There is no â in font ptmr7t!
Missing character: There is no ‚ in font ptmr7t!
Missing character: There is no ¹ in font ptmr7t!
 [19]
Missing character: There is no â in font ptmr7t!
Missing character: There is no € in font ptmr7t!
Missing character: There is no ™ in font ptmr7t!

Underfull \hbox (badness 10000) in paragraph at lines 916--917

 []


Underfull \hbox (badness 10000) in paragraph at lines 918--920

 []


Underfull \hbox (badness 10000) in paragraph at lines 921--923

 []


Underfull \hbox (badness 10000) in paragraph at lines 924--926

 []


Underfull \hbox (badness 10000) in paragraph at lines 928--930

 []


Underfull \hbox (badness 10000) in paragraph at lines 932--934

 []


Underfull \hbox (badness 10000) in paragraph at lines 936--938

 []


Underfull \hbox (badness 10000) in paragraph at lines 941--943

 []


Underfull \hbox (badness 10000) in paragraph at lines 944--946

 []


Underfull \hbox (badness 10000) in paragraph at lines 947--949

 []

[20]
LaTeX Font Info:    Try loading font information for OML+ptm on input line 1014
.
 (/usr/share/texlive/texmf-dist/tex/latex/psnfss/omlptm.fd
File: omlptm.fd 
)
LaTeX Font Info:    Font shape `OML/ptm/m/n' in size <12> not available
(Font)              Font shape `OML/cmm/m/it' tried instead on input line 1014.

 [21] [22]
<TN.jpg, id=620, 529.98pt x 468.7914pt>
File: TN.jpg Graphic file (type jpg)
 <use TN.jpg>
Package pdftex.def Info: TN.jpg used on input line 1178.
(pdftex.def)             Requested size: 341.43416pt x 170.71759pt.
 [23 <./TN.jpg>]
<TC.png, id=625, 1001.99344pt x 278.54062pt>
File: TC.png Graphic file (type png)
 <use TC.png>
Package pdftex.def Info: TC.png used on input line 1189.
(pdftex.def)             Requested size: 483.70345pt x 227.627pt.

Overfull \hbox (9.05434pt too wide) in paragraph at lines 1189--1190
 [][] 
 []


Underfull \hbox (badness 10000) in paragraph at lines 1198--1204

 []

[24 <./TC.png>] [25] [26]
Underfull \hbox (badness 10000) in paragraph at lines 1255--1256

 []


Underfull \hbox (badness 10000) in paragraph at lines 1257--1258

 []

[27]
Underfull \hbox (badness 10000) in paragraph at lines 1263--1265

 []

Missing character: There is no Â in font ptmr7t!
Missing character: There is no · in font ptmr7t!
Missing character: There is no Â in font ptmr7t!
Missing character: There is no · in font ptmr7t!

Underfull \hbox (badness 10000) in paragraph at lines 1266--1269

 []


Underfull \hbox (badness 10000) in paragraph at lines 1272--1277

 []


Underfull \hbox (badness 10000) in paragraph at lines 1282--1284

 []


LaTeX Warning: File `UseCase.PNG' not found on input line 1314.


! Package pdftex.def Error: File `UseCase.PNG' not found.

See the pdftex.def package documentation for explanation.
Type  H <return>  for immediate help.
 ...                                              
                                                  
l.1314 ...idth=18 cm , height= 15 cm]{UseCase.PNG}
                                                  
Using draft setting for this image.
Try typing  <return>  to proceed.
If that doesn't work, type  X <return>  to quit.


Overfull \hbox (37.64119pt too wide) in paragraph at lines 1314--1315
 [][] 
 []


LaTeX Warning: `h' float specifier changed to `ht'.

[28]

LaTeX Warning: File `DFD.PNG' not found on input line 1329.


! Package pdftex.def Error: File `DFD.PNG' not found.

See the pdftex.def package documentation for explanation.
Type  H <return>  for immediate help.
 ...                                              
                                                  
l.1329 ...cs[width=18 cm , height= 12 cm]{DFD.PNG}
                                                  
Using draft setting for this image.
Try typing  <return>  to proceed.
If that doesn't work, type  X <return>  to quit.


Overfull \hbox (37.64119pt too wide) in paragraph at lines 1329--1330
 [][] 
 []


LaTeX Warning: `h' float specifier changed to `ht'.

[29]
Underfull \hbox (badness 10000) in paragraph at lines 1337--1339

 []

[30] <S.png, id=656, 469.00218pt x 298.11375pt>
File: S.png Graphic file (type png)
 <use S.png>
Package pdftex.def Info: S.png used on input line 1345.
(pdftex.def)             Requested size: 512.1469pt x 341.45439pt.

Overfull \hbox (37.49779pt too wide) in paragraph at lines 1345--1346
 [][] 
 []

[31 <./S.png>]
Underfull \hbox (badness 10000) in paragraph at lines 1353--1356

 []


Underfull \hbox (badness 10000) in paragraph at lines 1357--1358

 []


Underfull \hbox (badness 10000) in paragraph at lines 1359--1360

 []


Underfull \hbox (badness 10000) in paragraph at lines 1361--1362

 []


Underfull \hbox (badness 10000) in paragraph at lines 1363--1364

 []

Missing character: There is no â in font ptmr7t!
Missing character: There is no € in font ptmr7t!
Missing character: There is no ™ in font ptmr7t!

Underfull \hbox (badness 10000) in paragraph at lines 1365--1366

 []


Underfull \hbox (badness 10000) in paragraph at lines 1368--1369

 []


Underfull \hbox (badness 10000) in paragraph at lines 1370--1371

 []

[32] [33] [34]
Underfull \hbox (badness 10000) in paragraph at lines 1416--1417

 []


Underfull \hbox (badness 10000) in paragraph at lines 1418--1419

 []

<archi.png, id=674, 251.43938pt x 424.58624pt>
File: archi.png Graphic file (type png)
 <use archi.png>
Package pdftex.def Info: archi.png used on input line 1425.
(pdftex.def)             Requested size: 256.07343pt x 341.45108pt.


LaTeX Warning: `h' float specifier changed to `ht'.


Underfull \hbox (badness 10000) in paragraph at lines 1430--1432

 []


Underfull \hbox (badness 10000) in paragraph at lines 1443--1454

 []

[35] [36 <./archi.png>] [37]
Underfull \hbox (badness 10000) in paragraph at lines 1491--1492

 []


Underfull \hbox (badness 10000) in paragraph at lines 1493--1494

 []


Underfull \hbox (badness 10000) in paragraph at lines 1495--1498

 []


Underfull \hbox (badness 10000) in paragraph at lines 1495--1498

 []


! LaTeX Error: There's no line here to end.

See the LaTeX manual or LaTeX Companion for explanation.
Type  H <return>  for immediate help.
 ...                                              
                                                  
l.1500 \textbf
              {Java}\\
Your command was ignored.
Type  I <command> <return>  to replace it with another command,
or  <return>  to continue without it.


Overfull \hbox (5.17444pt too wide) in paragraph at lines 1500--1510
\OT1/ptm/m/n/10.95 Java is a general-purpose computer-programming lan-guage tha
t is con-cur-rent, class-based, object-oriented,[15]
 []


Underfull \hbox (badness 10000) in paragraph at lines 1500--1510

 []


Underfull \hbox (badness 10000) in paragraph at lines 1500--1510

 []


Underfull \hbox (badness 10000) in paragraph at lines 1500--1510

 []


Underfull \hbox (badness 10000) in paragraph at lines 1500--1510

 []

[38] [39] [40] [41]
Underfull \hbox (badness 10000) in paragraph at lines 1571--1574

 []


! LaTeX Error: There's no line here to end.

See the LaTeX manual or LaTeX Companion for explanation.
Type  H <return>  for immediate help.
 ...                                              
                                                  
l.1580 
       
Your command was ignored.
Type  I <command> <return>  to replace it with another command,
or  <return>  to continue without it.


! LaTeX Error: There's no line here to end.

See the LaTeX manual or LaTeX Companion for explanation.
Type  H <return>  for immediate help.
 ...                                              
                                                  
l.1583 W
        rite test Cases ans Test Results
Your command was ignored.
Type  I <command> <return>  to replace it with another command,
or  <return>  to continue without it.

[42] [43] [44] [45] [46] [47]
Underfull \hbox (badness 10000) in paragraph at lines 1678--1681

 []

[48]
Overfull \hbox (55.1253pt too wide) in paragraph at lines 1690--1705
[]$[]$ 
 []

[49]
! Missing number, treated as zero.
<to be read again> 
                   [
l.1712 \hspace{[1]}
                    Zashi P. Chaudhari, Satish R. Devane, "High sensitivity ...
A number should have been here; I inserted `0'.
(If you can't figure out why I needed to see a number,
look up `weird error' in the index to The TeXbook.)

! Illegal unit of measure (pt inserted).
<to be read again> 
                   [
l.1712 \hspace{[1]}
                    Zashi P. Chaudhari, Satish R. Devane, "High sensitivity ...
Dimensions can be in units of em, ex, in, pt, pc,
cm, mm, dd, cc, nd, nc, bp, or sp; but yours is a new one!
I'll assume that you meant to say pt, for printer's points.
To recover gracefully from this error, it's best to
delete the erroneous units; e.g., type `2' to delete
two letters. (See Chapter 27 of The TeXbook.)

! Missing number, treated as zero.
<to be read again> 
                   [
l.1713 \hspace{[2]}
                    Monica Leba, Simona Riurean, Andreea Lonica, "LiFi The p...
A number should have been here; I inserted `0'.
(If you can't figure out why I needed to see a number,
look up `weird error' in the index to The TeXbook.)

! Illegal unit of measure (pt inserted).
<to be read again> 
                   [
l.1713 \hspace{[2]}
                    Monica Leba, Simona Riurean, Andreea Lonica, "LiFi The p...
Dimensions can be in units of em, ex, in, pt, pc,
cm, mm, dd, cc, nd, nc, bp, or sp; but yours is a new one!
I'll assume that you meant to say pt, for printer's points.
To recover gracefully from this error, it's best to
delete the erroneous units; e.g., type `2' to delete
two letters. (See Chapter 27 of The TeXbook.)

! Missing number, treated as zero.
<to be read again> 
                   [
l.1714 \hspace{[3]}
                    Authors:R. Mahendran, "Integrated LiFi (Light Fidelity) ...
A number should have been here; I inserted `0'.
(If you can't figure out why I needed to see a number,
look up `weird error' in the index to The TeXbook.)

! Illegal unit of measure (pt inserted).
<to be read again> 
                   [
l.1714 \hspace{[3]}
                    Authors:R. Mahendran, "Integrated LiFi (Light Fidelity) ...
Dimensions can be in units of em, ex, in, pt, pc,
cm, mm, dd, cc, nd, nc, bp, or sp; but yours is a new one!
I'll assume that you meant to say pt, for printer's points.
To recover gracefully from this error, it's best to
delete the erroneous units; e.g., type `2' to delete
two letters. (See Chapter 27 of The TeXbook.)

! Missing number, treated as zero.
<to be read again> 
                   [
l.1716 \hspace{[4]}
                    Harald Hass, "LiFi: Conceptions, misconceptions and oppo...
A number should have been here; I inserted `0'.
(If you can't figure out why I needed to see a number,
look up `weird error' in the index to The TeXbook.)

! Illegal unit of measure (pt inserted).
<to be read again> 
                   [
l.1716 \hspace{[4]}
                    Harald Hass, "LiFi: Conceptions, misconceptions and oppo...
Dimensions can be in units of em, ex, in, pt, pc,
cm, mm, dd, cc, nd, nc, bp, or sp; but yours is a new one!
I'll assume that you meant to say pt, for printer's points.
To recover gracefully from this error, it's best to
delete the erroneous units; e.g., type `2' to delete
two letters. (See Chapter 27 of The TeXbook.)

! Missing number, treated as zero.
<to be read again> 
                   [
l.1717 \hspace{[5]}
                    Pradeep Kumar, "Future internet and Internet of things",...
A number should have been here; I inserted `0'.
(If you can't figure out why I needed to see a number,
look up `weird error' in the index to The TeXbook.)

! Illegal unit of measure (pt inserted).
<to be read again> 
                   [
l.1717 \hspace{[5]}
                    Pradeep Kumar, "Future internet and Internet of things",...
Dimensions can be in units of em, ex, in, pt, pc,
cm, mm, dd, cc, nd, nc, bp, or sp; but yours is a new one!
I'll assume that you meant to say pt, for printer's points.
To recover gracefully from this error, it's best to
delete the erroneous units; e.g., type `2' to delete
two letters. (See Chapter 27 of The TeXbook.)

! Missing number, treated as zero.
<to be read again> 
                   [
l.1718 \hspace{[6]}
                    Kun Chen Hu, "Prototyping and measurements for a LiFi sy...
A number should have been here; I inserted `0'.
(If you can't figure out why I needed to see a number,
look up `weird error' in the index to The TeXbook.)

! Illegal unit of measure (pt inserted).
<to be read again> 
                   [
l.1718 \hspace{[6]}
                    Kun Chen Hu, "Prototyping and measurements for a LiFi sy...
Dimensions can be in units of em, ex, in, pt, pc,
cm, mm, dd, cc, nd, nc, bp, or sp; but yours is a new one!
I'll assume that you meant to say pt, for printer's points.
To recover gracefully from this error, it's best to
delete the erroneous units; e.g., type `2' to delete
two letters. (See Chapter 27 of The TeXbook.)

! Missing number, treated as zero.
<to be read again> 
                   [
l.1719 \hspace{[7]}
                    Dahmani Mohammed, "Digital data transmission via visible...
A number should have been here; I inserted `0'.
(If you can't figure out why I needed to see a number,
look up `weird error' in the index to The TeXbook.)

! Illegal unit of measure (pt inserted).
<to be read again> 
                   [
l.1719 \hspace{[7]}
                    Dahmani Mohammed, "Digital data transmission via visible...
Dimensions can be in units of em, ex, in, pt, pc,
cm, mm, dd, cc, nd, nc, bp, or sp; but yours is a new one!
I'll assume that you meant to say pt, for printer's points.
To recover gracefully from this error, it's best to
delete the erroneous units; e.g., type `2' to delete
two letters. (See Chapter 27 of The TeXbook.)

! Missing number, treated as zero.
<to be read again> 
                   [
l.1721 \hspace{[8]}
                    Wasiu O. Popoola, "Impact of VLC on Light Immission Qual...
A number should have been here; I inserted `0'.
(If you can't figure out why I needed to see a number,
look up `weird error' in the index to The TeXbook.)

! Illegal unit of measure (pt inserted).
<to be read again> 
                   [
l.1721 \hspace{[8]}
                    Wasiu O. Popoola, "Impact of VLC on Light Immission Qual...
Dimensions can be in units of em, ex, in, pt, pc,
cm, mm, dd, cc, nd, nc, bp, or sp; but yours is a new one!
I'll assume that you meant to say pt, for printer's points.
To recover gracefully from this error, it's best to
delete the erroneous units; e.g., type `2' to delete
two letters. (See Chapter 27 of The TeXbook.)

! Missing number, treated as zero.
<to be read again> 
                   [
l.1722 \hspace{[9]}
                    Wasiu O.Popoola, "On visible light communication and qua...
A number should have been here; I inserted `0'.
(If you can't figure out why I needed to see a number,
look up `weird error' in the index to The TeXbook.)

! Illegal unit of measure (pt inserted).
<to be read again> 
                   [
l.1722 \hspace{[9]}
                    Wasiu O.Popoola, "On visible light communication and qua...
Dimensions can be in units of em, ex, in, pt, pc,
cm, mm, dd, cc, nd, nc, bp, or sp; but yours is a new one!
I'll assume that you meant to say pt, for printer's points.
To recover gracefully from this error, it's best to
delete the erroneous units; e.g., type `2' to delete
two letters. (See Chapter 27 of The TeXbook.)


Underfull \hbox (badness 10000) in paragraph at lines 1712--1724

 []

[50] [51]
Underfull \hbox (badness 10000) in paragraph at lines 1761--1783

 []


Underfull \hbox (badness 10000) in paragraph at lines 1795--1796
[]\OT1/ptm/m/n/14.4 Speed of the
 []


Underfull \hbox (badness 10000) in paragraph at lines 1795--1796
\OT1/ptm/m/n/14.4 Data trans-mis-
 []


Underfull \hbox (badness 7722) in paragraph at lines 1795--1796
\OT1/ptm/m/n/14.4 se-cu-rity to the
 []


Underfull \hbox (badness 10000) in paragraph at lines 1798--1798
[]\OT1/ptm/m/n/14.4 Interaction be-
 []


Underfull \hbox (badness 1742) in paragraph at lines 1800--1801
\OT1/ptm/m/n/14.4 vide se-cu-rity to
 []


Overfull \hbox (2.6424pt too wide) in paragraph at lines 1803--1803
[]$[]$ 
 []


Underfull \hbox (badness 10000) in paragraph at lines 1803--1803
[]\OT1/ptm/m/n/14.4 Transmission
 []


Underfull \hbox (badness 5893) in paragraph at lines 1803--1803
\OT1/ptm/m/n/14.4 speed and bet-
 []


Underfull \hbox (badness 10000) in paragraph at lines 1803--1803
\OT1/ptm/m/n/14.4 ter re-source
 []


Underfull \hbox (badness 2608) in paragraph at lines 1810--1810
[]\OT1/ptm/m/n/14.4 Speed of trans-
 []


Underfull \hbox (badness 1394) in paragraph at lines 1810--1810
\OT1/ptm/m/n/14.4 mis-sion and se-
 []


Underfull \hbox (badness 10000) in paragraph at lines 1812--1812
[]\OT1/ptm/m/n/14.4 Better per-for-
 []


Underfull \hbox (badness 10000) in paragraph at lines 1814--1814
[]\OT1/ptm/m/n/14.4 Maximum data
 []


Underfull \hbox (badness 10000) in paragraph at lines 1814--1814
\OT1/ptm/m/n/14.4 trans-mis-sion in
 []


Underfull \hbox (badness 10000) in paragraph at lines 1826--1826
[]\OT1/ptm/m/n/14.4 Interference of
 []

! Undefined control sequence.
l.1828 ...erline{  \textbf{DECREASE: :} } \parTime
                                                   required for data transmi...
The control sequence at the end of the top line
of your error message was never \def'ed. If you have
misspelled it (e.g., `\hobx'), type `I' and the correct
spelling (e.g., `I\hbox'). Otherwise just continue,
and I'll forget about whatever was undefined.


Underfull \hbox (badness 10000) in paragraph at lines 1828--1829
[]$[]$
 []

[52]
Underfull \hbox (badness 10000) in paragraph at lines 1851--1853

 []


Overfull \hbox (2.79921pt too wide) in paragraph at lines 1860--1860
[]$[]$| 
 []

! Undefined control sequence.
l.1861   \parSpeed
                   of the Data and
The control sequence at the end of the top line
of your error message was never \def'ed. If you have
misspelled it (e.g., `\hobx'), type `I' and the correct
spelling (e.g., `I\hbox'). Otherwise just continue,
and I'll forget about whatever was undefined.


Underfull \hbox (badness 10000) in paragraph at lines 1865--1871
[]\OT1/ptm/m/n/14.4 User gets the bet-ter
 []


Underfull \hbox (badness 10000) in paragraph at lines 1865--1871
\OT1/ptm/m/n/14.4 trans-mis-sion speed,
 []


Underfull \hbox (badness 10000) in paragraph at lines 1865--1871
\OT1/ptm/m/n/14.4 se-cu-rity, qual-ity and
 []


Underfull \hbox (badness 10000) in paragraph at lines 1865--1871
\OT1/ptm/m/n/14.4 bet-ter in-ter-face with
 []


Underfull \hbox (badness 2600) in paragraph at lines 1875--1875
[]\OT1/ptm/m/n/14.4 Speed of trans-mis-sion
 []

! Undefined control sequence.
l.1882   \parHardware
                      Interference of outer lights.  &
The control sequence at the end of the top line
of your error message was never \def'ed. If you have
misspelled it (e.g., `\hobx'), type `I' and the correct
spelling (e.g., `I\hbox'). Otherwise just continue,
and I'll forget about whatever was undefined.


Underfull \hbox (badness 10000) in paragraph at lines 1882--1882
[]\OT1/ptm/m/n/14.4 Interference of outer
 []

Missing character: There is no â in font ptmr7t!
Missing character: There is no € in font ptmr7t!
Missing character: There is no ™ in font ptmr7t!

Underfull \hbox (badness 5245) in paragraph at lines 1883--1884
[]\OT1/ptm/m/n/14.4 Doesnt in-ter-face with
 []


Underfull \hbox (badness 10000) in paragraph at lines 1894--1896

 []


Underfull \hbox (badness 5533) in paragraph at lines 1906--1908
\OT1/ptm/m/n/14.4 to in-ter-act and build
 []


Overfull \hbox (6.80243pt too wide) in paragraph at lines 1918--1918
[]$[]$| 
 []

! Undefined control sequence.
l.1920 \parReduce
                  human efforts of manual data transmission .
The control sequence at the end of the top line
of your error message was never \def'ed. If you have
misspelled it (e.g., `\hobx'), type `I' and the correct
spelling (e.g., `I\hbox'). Otherwise just continue,
and I'll forget about whatever was undefined.

[53]
Underfull \hbox (badness 10000) in paragraph at lines 1932--1934

 []


Underfull \hbox (badness 1242) in paragraph at lines 1942--1943
[]\OT1/ptm/m/n/14.4 The API can be used
 []


Underfull \hbox (badness 1442) in paragraph at lines 1942--1943
\OT1/ptm/m/n/14.4 to per-form faster data
 []


Underfull \hbox (badness 4353) in paragraph at lines 1942--1943
\OT1/ptm/m/n/14.4 trans-mis-sion and pro-
 []


Overfull \hbox (4.2249pt too wide) in paragraph at lines 1949--1949
[]$[]$| 
 []


Underfull \hbox (badness 5091) in paragraph at lines 1950--1951
[]\OT1/ptm/m/n/14.4 Maximum data trans-
 []


Underfull \hbox (badness 10000) in paragraph at lines 1950--1951
\OT1/ptm/m/n/14.4 mis-sion in min-i-mum
 []


Overfull \hbox (10.74786pt too wide) in paragraph at lines 1957--1957
[]$[]$| 
 []


Underfull \hbox (badness 2600) in paragraph at lines 1960--1961
\OT1/ptm/m/n/14.4 mu-ni-ca-tion and elim-i-
 []


Underfull \hbox (badness 10000) in paragraph at lines 1973--1975

 []


Overfull \hbox (1.65097pt too wide) in paragraph at lines 1982--1982
[]$[]$| 
 []


Underfull \hbox (badness 1412) in paragraph at lines 1983--1984
\OT1/ptm/m/n/14.4 bet-ter re-source uti-liza-
 []


Underfull \hbox (badness 5908) in paragraph at lines 1985--1987
\OT1/ptm/m/n/14.4 cel-er-ate the trans-mis-
 []


Underfull \hbox (badness 2150) in paragraph at lines 1985--1987
\OT1/ptm/m/n/14.4 on re-source util-i-sa-tion
 []


Underfull \hbox (badness 1867) in paragraph at lines 2000--2001
[]\OT1/ptm/m/n/14.4 Radiation due to data
 []


Underfull \hbox (badness 2205) in paragraph at lines 2003--2004
\OT1/ptm/m/n/14.4 which was caused by
 []

[54]
Underfull \hbox (badness 10000) in paragraph at lines 2023--2025

 []


Underfull \hbox (badness 10000) in paragraph at lines 2030--2032

 []


Underfull \hbox (badness 10000) in paragraph at lines 2033--2037

 []

[55]
Overfull \hbox (55.1253pt too wide) in paragraph at lines 2039--2055
[]$[]$ 
 []

[56]
Underfull \hbox (badness 10000) in paragraph at lines 2066--2074

 []

[57] [58]
File: TC.png Graphic file (type png)
 <use TC.png>
Package pdftex.def Info: TC.png used on input line 2118.
(pdftex.def)             Requested size: 483.70345pt x 227.627pt.

Overfull \hbox (9.05434pt too wide) in paragraph at lines 2118--2119
 [][] 
 []

[59]
Overfull \hbox (55.1253pt too wide) in paragraph at lines 2125--2142
[]$[]$ 
 []

[60]
Underfull \hbox (badness 10000) in paragraph at lines 2147--2148

 []


Underfull \hbox (badness 10000) in paragraph at lines 2148--2150

 []


Underfull \hbox (badness 10000) in paragraph at lines 2150--2156

 []

[61] [62]

pdfTeX warning: pdflatex (file ./plag_report.pdf): PDF inclusion: found PDF ver
sion <1.7>, but at most version <1.5> allowed
<plag_report.pdf, id=808, 596.98032pt x 844.65562pt>
File: plag_report.pdf Graphic file (type pdf)
 <use plag_report.pdf>
Package pdftex.def Info: plag_report.pdf used on input line 2176.
(pdftex.def)             Requested size: 596.97885pt x 844.65356pt.


pdfTeX warning: pdflatex (file ./plag_report.pdf): PDF inclusion: found PDF ver
sion <1.7>, but at most version <1.5> allowed
File: plag_report.pdf Graphic file (type pdf)
<use plag_report.pdf>
Package pdftex.def Info: plag_report.pdf used on input line 2176.
(pdftex.def)             Requested size: 596.97885pt x 844.65356pt.


pdfTeX warning: pdflatex (file ./plag_report.pdf): PDF inclusion: found PDF ver
sion <1.7>, but at most version <1.5> allowed


pdfTeX warning: pdflatex (file ./plag_report.pdf): PDF inclusion: found PDF ver
sion <1.7>, but at most version <1.5> allowed
<plag_report.pdf, id=811, page=1, 596.98032pt x 844.65562pt>
File: plag_report.pdf Graphic file (type pdf)

<use plag_report.pdf, page 1>
Package pdftex.def Info: plag_report.pdf, page1 used on input line 2176.
(pdftex.def)             Requested size: 596.97885pt x 844.65356pt.
File: plag_report.pdf Graphic file (type pdf)
 <use plag_report.pdf, page 1>
Package pdftex.def Info: plag_report.pdf, page1 used on input line 2176.
(pdftex.def)             Requested size: 597.71669pt x 845.69751pt.
 [63]
File: plag_report.pdf Graphic file (type pdf)

<use plag_report.pdf, page 1>
Package pdftex.def Info: plag_report.pdf, page1 used on input line 2176.
(pdftex.def)             Requested size: 597.71669pt x 845.69751pt.
File: plag_report.pdf Graphic file (type pdf)
 <use plag_report.pdf, page 1>
Package pdftex.def Info: plag_report.pdf, page1 used on input line 2176.
(pdftex.def)             Requested size: 597.71669pt x 845.69751pt.
File: plag_report.pdf Graphic file (type pdf)

<use plag_report.pdf, page 1>
Package pdftex.def Info: plag_report.pdf, page1 used on input line 2176.
(pdftex.def)             Requested size: 597.71669pt x 845.69751pt.
 [64 <./plag_report.pdf>]

pdfTeX warning: pdflatex (file ./plag_report.pdf): PDF inclusion: found PDF ver
sion <1.7>, but at most version <1.5> allowed
<plag_report.pdf, id=864, page=2, 596.98032pt x 844.65562pt>
File: plag_report.pdf Graphic file (type pdf)

<use plag_report.pdf, page 2>
Package pdftex.def Info: plag_report.pdf, page2 used on input line 2176.
(pdftex.def)             Requested size: 597.71669pt x 845.69751pt.
File: plag_report.pdf Graphic file (type pdf)
 <use plag_report.pdf, page 2>
Package pdftex.def Info: plag_report.pdf, page2 used on input line 2176.
(pdftex.def)             Requested size: 597.71669pt x 845.69751pt.
File: plag_report.pdf Graphic file (type pdf)

<use plag_report.pdf, page 2>
Package pdftex.def Info: plag_report.pdf, page2 used on input line 2176.
(pdftex.def)             Requested size: 597.71669pt x 845.69751pt.
 [65 <./plag_report.pdf>]

pdfTeX warning: pdflatex (file ./plag_report.pdf): PDF inclusion: found PDF ver
sion <1.7>, but at most version <1.5> allowed
<plag_report.pdf, id=869, page=3, 596.98032pt x 844.65562pt>
File: plag_report.pdf Graphic file (type pdf)

<use plag_report.pdf, page 3>
Package pdftex.def Info: plag_report.pdf, page3 used on input line 2176.
(pdftex.def)             Requested size: 597.71669pt x 845.69751pt.
File: plag_report.pdf Graphic file (type pdf)
 <use plag_report.pdf, page 3>
Package pdftex.def Info: plag_report.pdf, page3 used on input line 2176.
(pdftex.def)             Requested size: 597.71669pt x 845.69751pt.
File: plag_report.pdf Graphic file (type pdf)

<use plag_report.pdf, page 3>
Package pdftex.def Info: plag_report.pdf, page3 used on input line 2176.
(pdftex.def)             Requested size: 597.71669pt x 845.69751pt.
 [66 <./plag_report.pdf>] [67]

LaTeX Warning: File `photo.jpg' not found on input line 2196.


! Package pdftex.def Error: File `photo.jpg' not found.

See the pdftex.def package documentation for explanation.
Type  H <return>  for immediate help.
 ...                                              
                                                  
l.2196 ...}\includegraphics[width=60pt]{photo.jpg}
                                                  
Using draft setting for this image.
Try typing  <return>  to proceed.
If that doesn't work, type  X <return>  to quit.


Underfull \hbox (badness 10000) in paragraph at lines 2203--2205

 []

[68]

LaTeX Warning: File `photo.jpg' not found on input line 2207.


! Package pdftex.def Error: File `photo.jpg' not found.

See the pdftex.def package documentation for explanation.
Type  H <return>  for immediate help.
 ...                                              
                                                  
l.2207 ...}\includegraphics[width=60pt]{photo.jpg}
                                                  
Using draft setting for this image.
Try typing  <return>  to proceed.
If that doesn't work, type  X <return>  to quit.


Overfull \hbox (3.23592pt too wide) in paragraph at lines 2207--2208
[]\OT1/ptm/m/n/10.95 Name : Ab-hi-jit D. Ji-role  [] 
 []


Underfull \hbox (badness 10000) in paragraph at lines 2214--2216

 []

[69]

LaTeX Warning: File `photo.jpg' not found on input line 2218.


! Package pdftex.def Error: File `photo.jpg' not found.

See the pdftex.def package documentation for explanation.
Type  H <return>  for immediate help.
 ...                                              
                                                  
l.2218 ...}\includegraphics[width=60pt]{photo.jpg}
                                                  
Using draft setting for this image.
Try typing  <return>  to proceed.
If that doesn't work, type  X <return>  to quit.


Overfull \hbox (31.88786pt too wide) in paragraph at lines 2218--2219
[]\OT1/ptm/m/n/10.95 Name : He-mant B. Badhe  [] 
 []


Underfull \hbox (badness 10000) in paragraph at lines 2225--2227

 []

[70]

LaTeX Warning: File `photo.jpg' not found on input line 2229.


! Package pdftex.def Error: File `photo.jpg' not found.

See the pdftex.def package documentation for explanation.
Type  H <return>  for immediate help.
 ...                                              
                                                  
l.2229 ...}\includegraphics[width=60pt]{photo.jpg}
                                                  
Using draft setting for this image.
Try typing  <return>  to proceed.
If that doesn't work, type  X <return>  to quit.


Overfull \hbox (68.90071pt too wide) in paragraph at lines 2229--2230
[]\OT1/ptm/m/n/10.95 Name : Pramo-dini B. Akhade  [] 
 []


! LaTeX Error: \begin{enumerate} on input line 2217 ended by \end{appendices}.

See the LaTeX manual or LaTeX Companion for explanation.
Type  H <return>  for immediate help.
 ...                                              
                                                  
l.2238 \end{appendices}
                       
Your command was ignored.
Type  I <command> <return>  to replace it with another command,
or  <return>  to continue without it.


! LaTeX Error: \begin{enumerate} on input line 2206 ended by \end{document}.

See the LaTeX manual or LaTeX Companion for explanation.
Type  H <return>  for immediate help.
 ...                                              
                                                  
l.2239 \end{document}
                     
Your command was ignored.
Type  I <command> <return>  to replace it with another command,
or  <return>  to continue without it.

Package atveryend Info: Empty hook `BeforeClearDocument' on input line 2239.
[71]
Package atveryend Info: Empty hook `AfterLastShipout' on input line 2239.
 (./Project Report.aux)
Package atveryend Info: Executing hook `AtVeryEndDocument' on input line 2239.
Package atveryend Info: Executing hook `AtEndAfterFileList' on input line 2239.

Package rerunfilecheck Info: File `"Project Report".out' has not changed.
(rerunfilecheck)             Checksum: B386AB5E1A0E2956EB0413DAB799FDFE;6316.


LaTeX Warning: There were multiply-defined labels.

Package atveryend Info: Empty hook `AtVeryVeryEnd' on input line 2239.
 )
(\end occurred inside a group at level 11)

### semi simple group (level 11) entered at line 2206 (\begingroup)
### semi simple group (level 10) entered at line 2195 (\begingroup)
### semi simple group (level 9) entered at line 1688 (\begingroup)
### simple group (level 8) entered at line 1671 ({)
### simple group (level 7) entered at line 1487 ({)
### simple group (level 6) entered at line 1412 ({)
### simple group (level 5) entered at line 1249 ({)
### simple group (level 4) entered at line 868 ({)
### simple group (level 3) entered at line 774 ({)
### simple group (level 2) entered at line 560 ({)
### simple group (level 1) entered at line 469 ({)
### bottom level 
Here is how much of TeX's memory you used:
 9800 strings out of 493029
 142784 string characters out of 6136234
 249371 words of memory out of 5000000
 12932 multiletter control sequences out of 15000+600000
 32336 words of font info for 77 fonts, out of 8000000 for 9000
 1141 hyphenation exceptions out of 8191
 39i,18n,46p,1034b,1137s stack positions out of 5000i,500n,10000p,200000b,80000s
{/usr/share/texlive/texmf-dist/fonts/enc/dvips/base/8r.enc}</us
r/share/texlive/texmf-dist/fonts/type1/public/amsfonts/cm/cmmi12.pfb></usr/shar
e/texlive/texmf-dist/fonts/type1/public/amsfonts/cm/cmsy10.pfb></usr/share/texl
ive/texmf-dist/fonts/type1/urw/courier/ucrr8a.pfb></usr/share/texlive/texmf-dis
t/fonts/type1/urw/times/utmb8a.pfb></usr/share/texlive/texmf-dist/fonts/type1/u
rw/times/utmr8a.pfb></usr/share/texlive/texmf-dist/fonts/type1/urw/times/utmri8
a.pfb>
Output written on "Project Report.pdf" (80 pages, 997584 bytes).
PDF statistics:
 1006 PDF objects out of 1200 (max. 8388607)
 882 compressed objects within 9 object streams
 235 named destinations out of 1000 (max. 500000)
 765 words of extra memory for PDF output out of 10000 (max. 10000000)

